[0m15:37:47.876802 [debug] [MainThread]: Sending event: {'category': 'dbt', 'action': 'invocation', 'label': 'start', 'context': [<snowplow_tracker.self_describing_json.SelfDescribingJson object at 0x000002319E2DF190>, <snowplow_tracker.self_describing_json.SelfDescribingJson object at 0x000002319E527DD0>, <snowplow_tracker.self_describing_json.SelfDescribingJson object at 0x000002319F567790>]}


============================== 15:37:47.881924 | 42ee274b-7ad6-45d2-85ab-c28baf2a6c14 ==============================
[0m15:37:47.881924 [info ] [MainThread]: Running with dbt=1.11.7
[0m15:37:47.881924 [debug] [MainThread]: running dbt with arguments {'version_check': 'True', 'no_print': 'None', 'static_parser': 'True', 'target_path': 'None', 'warn_error_options': 'WarnErrorOptionsV2(error=[], warn=[], silence=[])', 'printer_width': '80', 'write_json': 'True', 'empty': 'None', 'log_cache_events': 'False', 'introspect': 'True', 'cache_selected_only': 'False', 'fail_fast': 'False', 'debug': 'False', 'log_format': 'default', 'profiles_dir': 'C:\\Users\\small\\.dbt', 'send_anonymous_usage_stats': 'True', 'quiet': 'False', 'warn_error': 'None', 'partial_parse': 'True', 'invocation_command': 'dbt init weather_pipeline', 'use_colors': 'True', 'indirect_selection': 'eager', 'use_experimental_parser': 'False', 'log_path': 'logs'}
[0m15:37:47.933323 [info ] [MainThread]: Creating dbt configuration folder at C:\Users\small\.dbt
[0m15:37:47.939621 [debug] [MainThread]: Starter project path: C:\Users\small\AppData\Local\Programs\Python\Python311\Lib\site-packages\dbt\include\starter_project
[0m15:37:47.976702 [info ] [MainThread]: 
Your new dbt project "weather_pipeline" was created!

For more information on how to configure the profiles.yml file,
please consult the dbt documentation here:

  https://docs.getdbt.com/docs/configure-your-profile

One more thing:

Need help? Don't hesitate to reach out to us via GitHub issues or on Slack:

  https://community.getdbt.com/

Happy modeling!

[0m15:37:47.979523 [info ] [MainThread]: Setting up your profile.
[0m15:41:16.122774 [info ] [MainThread]: Profile weather_pipeline written to C:\Users\small\.dbt\profiles.yml using target's profile_template.yml and your supplied values. Run 'dbt debug' to validate the connection.
[0m15:41:16.125475 [debug] [MainThread]: Command `dbt init` succeeded at 15:41:16.125475 after 208.36 seconds
[0m15:41:16.125475 [debug] [MainThread]: Sending event: {'category': 'dbt', 'action': 'invocation', 'label': 'end', 'context': [<snowplow_tracker.self_describing_json.SelfDescribingJson object at 0x00000231979F2290>, <snowplow_tracker.self_describing_json.SelfDescribingJson object at 0x000002319E5279D0>, <snowplow_tracker.self_describing_json.SelfDescribingJson object at 0x000002319E527B10>]}
[0m15:41:16.125475 [debug] [MainThread]: Flushing usage events
[0m15:41:17.007185 [debug] [MainThread]: An error was encountered while trying to flush usage events
[0m15:44:14.043039 [debug] [MainThread]: Sending event: {'category': 'dbt', 'action': 'invocation', 'label': 'start', 'context': [<snowplow_tracker.self_describing_json.SelfDescribingJson object at 0x0000012C66D3F290>, <snowplow_tracker.self_describing_json.SelfDescribingJson object at 0x0000012C67FBBC10>, <snowplow_tracker.self_describing_json.SelfDescribingJson object at 0x0000012C66F8DF10>]}


============================== 15:44:14.043039 | 50baccd2-72b8-4931-af88-4f73c047cccc ==============================
[0m15:44:14.043039 [info ] [MainThread]: Running with dbt=1.11.7
[0m15:44:14.043039 [debug] [MainThread]: running dbt with arguments {'static_parser': 'True', 'no_print': 'None', 'version_check': 'True', 'target_path': 'None', 'warn_error_options': 'WarnErrorOptionsV2(error=[], warn=[], silence=[])', 'printer_width': '80', 'write_json': 'True', 'empty': 'None', 'log_cache_events': 'False', 'introspect': 'True', 'cache_selected_only': 'False', 'fail_fast': 'False', 'debug': 'False', 'log_format': 'default', 'profiles_dir': 'C:\\Users\\small\\.dbt', 'send_anonymous_usage_stats': 'True', 'quiet': 'False', 'warn_error': 'None', 'partial_parse': 'True', 'use_colors': 'True', 'invocation_command': 'dbt debug', 'indirect_selection': 'eager', 'use_experimental_parser': 'False', 'log_path': 'logs'}
[0m15:44:14.077373 [info ] [MainThread]: dbt version: 1.11.7
[0m15:44:14.077373 [info ] [MainThread]: python version: 3.11.9
[0m15:44:14.077373 [info ] [MainThread]: python path: C:\Users\small\AppData\Local\Programs\Python\Python311\python.exe
[0m15:44:14.077373 [info ] [MainThread]: os info: Windows-10-10.0.26200-SP0
[0m15:44:14.166875 [info ] [MainThread]: Using profiles dir at C:\Users\small\.dbt
[0m15:44:14.166875 [info ] [MainThread]: Using profiles.yml file at C:\Users\small\.dbt\profiles.yml
[0m15:44:14.166875 [info ] [MainThread]: Using dbt_project.yml file at C:\Users\small\Documents\weather_pipeline\dbt_project.yml
[0m15:44:14.175032 [info ] [MainThread]: adapter type: postgres
[0m15:44:14.175032 [info ] [MainThread]: adapter version: 1.10.0
[0m15:44:14.177411 [info ] [MainThread]: Configuration:
[0m15:44:14.177411 [info ] [MainThread]:   profiles.yml file [[32mOK found and valid[0m]
[0m15:44:14.180375 [info ] [MainThread]:   dbt_project.yml file [[31mERROR not found[0m]
[0m15:44:14.180375 [info ] [MainThread]: Required dependencies:
[0m15:44:14.183132 [debug] [MainThread]: Executing "git --help"
[0m15:44:14.267170 [debug] [MainThread]: STDOUT: "b"usage: git [-v | --version] [-h | --help] [-C <path>] [-c <name>=<value>]\n           [--exec-path[=<path>]] [--html-path] [--man-path] [--info-path]\n           [-p | --paginate | -P | --no-pager] [--no-replace-objects] [--no-lazy-fetch]\n           [--no-optional-locks] [--no-advice] [--bare] [--git-dir=<path>]\n           [--work-tree=<path>] [--namespace=<name>] [--config-env=<name>=<envvar>]\n           <command> [<args>]\n\nThese are common Git commands used in various situations:\n\nstart a working area (see also: git help tutorial)\n   clone      Clone a repository into a new directory\n   init       Create an empty Git repository or reinitialize an existing one\n\nwork on the current change (see also: git help everyday)\n   add        Add file contents to the index\n   mv         Move or rename a file, a directory, or a symlink\n   restore    Restore working tree files\n   rm         Remove files from the working tree and from the index\n\nexamine the history and state (see also: git help revisions)\n   bisect     Use binary search to find the commit that introduced a bug\n   diff       Show changes between commits, commit and working tree, etc\n   grep       Print lines matching a pattern\n   log        Show commit logs\n   show       Show various types of objects\n   status     Show the working tree status\n\ngrow, mark and tweak your common history\n   backfill   Download missing objects in a partial clone\n   branch     List, create, or delete branches\n   commit     Record changes to the repository\n   merge      Join two or more development histories together\n   rebase     Reapply commits on top of another base tip\n   reset      Set `HEAD` or the index to a known state\n   switch     Switch branches\n   tag        Create, list, delete or verify tags\n\ncollaborate (see also: git help workflows)\n   fetch      Download objects and refs from another repository\n   pull       Fetch from and integrate with another repository or a local branch\n   push       Update remote refs along with associated objects\n\n'git help -a' and 'git help -g' list available subcommands and some\nconcept guides. See 'git help <command>' or 'git help <concept>'\nto read about a specific subcommand or concept.\nSee 'git help git' for an overview of the system.\n""
[0m15:44:14.269911 [debug] [MainThread]: STDERR: "b''"
[0m15:44:14.269911 [info ] [MainThread]:  - git [[32mOK found[0m]

[0m15:44:14.272129 [info ] [MainThread]: Connection:
[0m15:44:14.274754 [info ] [MainThread]:   host: 127.0.0.1
[0m15:44:14.274754 [info ] [MainThread]:   port: 5432
[0m15:44:14.277148 [info ] [MainThread]:   user: admin
[0m15:44:14.278913 [info ] [MainThread]:   database: weather_pipeline
[0m15:44:14.280442 [info ] [MainThread]:   schema: transformed
[0m15:44:14.282645 [info ] [MainThread]:   connect_timeout: 10
[0m15:44:14.282645 [info ] [MainThread]:   role: None
[0m15:44:14.282645 [info ] [MainThread]:   search_path: None
[0m15:44:14.286869 [info ] [MainThread]:   keepalives_idle: 0
[0m15:44:14.288642 [info ] [MainThread]:   sslmode: None
[0m15:44:14.291208 [info ] [MainThread]:   sslcert: None
[0m15:44:14.292896 [info ] [MainThread]:   sslkey: None
[0m15:44:14.294639 [info ] [MainThread]:   sslrootcert: None
[0m15:44:14.296779 [info ] [MainThread]:   application_name: dbt
[0m15:44:14.298893 [info ] [MainThread]:   retries: 1
[0m15:44:14.299984 [info ] [MainThread]: Registered adapter: postgres=1.10.0
[0m15:44:14.760395 [debug] [MainThread]: Acquiring new postgres connection 'debug'
[0m15:44:14.897321 [debug] [MainThread]: Using postgres connection "debug"
[0m15:44:14.897321 [debug] [MainThread]: On debug: select 1 as id
[0m15:44:14.897321 [debug] [MainThread]: Opening a new connection, currently in state init
[0m15:44:15.015579 [debug] [MainThread]: SQL status: SELECT 1 in 0.121 seconds
[0m15:44:15.015579 [debug] [MainThread]: On debug: Close
[0m15:44:15.024023 [info ] [MainThread]:   Connection test: [[32mOK connection ok[0m]

[0m15:44:15.024023 [info ] [MainThread]: [31m1 check failed:[0m
[0m15:44:15.026965 [info ] [MainThread]: Project loading failed for the following reason:
 project path <C:\Users\small\Documents\weather_pipeline\dbt_project.yml> not found

[0m15:44:15.026965 [debug] [MainThread]: Command `dbt debug` failed at 15:44:15.026965 after 1.11 seconds
[0m15:44:15.026965 [debug] [MainThread]: Connection 'debug' was properly closed.
[0m15:44:15.026965 [debug] [MainThread]: Sending event: {'category': 'dbt', 'action': 'invocation', 'label': 'end', 'context': [<snowplow_tracker.self_describing_json.SelfDescribingJson object at 0x0000012C67FE3E50>, <snowplow_tracker.self_describing_json.SelfDescribingJson object at 0x0000012C6822B110>, <snowplow_tracker.self_describing_json.SelfDescribingJson object at 0x0000012C60486A90>]}
[0m15:44:15.032131 [debug] [MainThread]: Flushing usage events
[0m15:44:15.876651 [debug] [MainThread]: An error was encountered while trying to flush usage events
